# JRE version: Java(TM) SE Runtime Environment (17.0.7+8) (build 17.0.7+8-LTS-224)
# Java VM: Java HotSpot(TM) 64-Bit Server VM (17.0.7+8-LTS-224, mixed mode, sharing, tiered, compressed oops, compressed class ptrs, g1 gc, windows-amd64)
GC Precious Log:
 CPUs: 8 total, 8 available
 Memory: 16198M
 Large Page Support: Disabled
 NUMA Support: Disabled
 Compressed Oops: Enabled (Zero based)
 Heap Region Size: 2M
 Heap Min Capacity: 8M
 Heap Initial Capacity: 254M
 Heap Max Capacity: 4050M
 Pre-touch: Disabled
 Parallel Workers: 8
 Concurrent Workers: 2
 Concurrent Refinement Workers: 8
 Periodic GC: Disabled
Heap:
 garbage-first heap   total 69632K, used 23804K [0x0000000702e00000, 0x0000000800000000)
  region size 2048K, 5 young (10240K), 1 survivors (2048K)
 Metaspace       used 39326K, committed 39744K, reserved 1089536K
  class space    used 5161K, committed 5376K, reserved 1048576K
GC Heap History (18 events):
Event: 0.746 GC heap before
{Heap before GC invocations=0 (full 0):
 garbage-first heap   total 260096K, used 22528K [0x0000000702e00000, 0x0000000800000000)
  region size 2048K, 11 young (22528K), 0 survivors (0K)
 Metaspace       used 6300K, committed 6464K, reserved 1056768K
  class space    used 763K, committed 832K, reserved 1048576K
}
Event: 0.751 GC heap after
{Heap after GC invocations=1 (full 0):
 garbage-first heap   total 260096K, used 4877K [0x0000000702e00000, 0x0000000800000000)
  region size 2048K, 2 young (4096K), 2 survivors (4096K)
 Metaspace       used 6300K, committed 6464K, reserved 1056768K
  class space    used 763K, committed 832K, reserved 1048576K
}
Event: 1.329 GC heap before
{Heap before GC invocations=1 (full 0):
 garbage-first heap   total 260096K, used 31501K [0x0000000702e00000, 0x0000000800000000)
  region size 2048K, 16 young (32768K), 2 survivors (4096K)
 Metaspace       used 13253K, committed 13568K, reserved 1064960K
  class space    used 1640K, committed 1792K, reserved 1048576K
}
Event: 1.336 GC heap after
{Heap after GC invocations=2 (full 0):
 garbage-first heap   total 260096K, used 7274K [0x0000000702e00000, 0x0000000800000000)
  region size 2048K, 2 young (4096K), 2 survivors (4096K)
 Metaspace       used 13253K, committed 13568K, reserved 1064960K
  class space    used 1640K, committed 1792K, reserved 1048576K
}
Event: 2.761 GC heap before
{Heap before GC invocations=2 (full 0):
 garbage-first heap   total 260096K, used 54378K [0x0000000702e00000, 0x0000000800000000)
  region size 2048K, 26 young (53248K), 2 survivors (4096K)
 Metaspace       used 21179K, committed 21504K, reserved 1073152K
  class space    used 2696K, committed 2816K, reserved 1048576K
}
Event: 2.766 GC heap after
{Heap after GC invocations=3 (full 0):
 garbage-first heap   total 260096K, used 11167K [0x0000000702e00000, 0x0000000800000000)
  region size 2048K, 4 young (8192K), 4 survivors (8192K)
 Metaspace       used 21179K, committed 21504K, reserved 1073152K
  class space    used 2696K, committed 2816K, reserved 1048576K
}
Event: 3.385 GC heap before
{Heap before GC invocations=4 (full 0):
 garbage-first heap   total 55296K, used 35743K [0x0000000702e00000, 0x0000000800000000)
  region size 2048K, 16 young (32768K), 4 survivors (8192K)
 Metaspace       used 26814K, committed 27200K, reserved 1073152K
  class space    used 3452K, committed 3648K, reserved 1048576K
}
Event: 3.394 GC heap after
{Heap after GC invocations=5 (full 0):
 garbage-first heap   total 55296K, used 13577K [0x0000000702e00000, 0x0000000800000000)
  region size 2048K, 2 young (4096K), 2 survivors (4096K)
 Metaspace       used 26814K, committed 27200K, reserved 1073152K
  class space    used 3452K, committed 3648K, reserved 1048576K
}
Event: 3.437 GC heap before
{Heap before GC invocations=5 (full 0):
 garbage-first heap   total 55296K, used 15625K [0x0000000702e00000, 0x0000000800000000)
  region size 2048K, 3 young (6144K), 2 survivors (4096K)
 Metaspace       used 27167K, committed 27584K, reserved 1073152K
  class space    used 3502K, committed 3712K, reserved 1048576K
}
Event: 3.440 GC heap after
{Heap after GC invocations=6 (full 0):
 garbage-first heap   total 55296K, used 13986K [0x0000000702e00000, 0x0000000800000000)
  region size 2048K, 1 young (2048K), 1 survivors (2048K)
 Metaspace       used 27167K, committed 27584K, reserved 1073152K
  class space    used 3502K, committed 3712K, reserved 1048576K
}
Event: 3.999 GC heap before
{Heap before GC invocations=6 (full 0):
 garbage-first heap   total 55296K, used 34466K [0x0000000702e00000, 0x0000000800000000)
  region size 2048K, 12 young (24576K), 1 survivors (2048K)
 Metaspace       used 32159K, committed 32576K, reserved 1081344K
  class space    used 4272K, committed 4480K, reserved 1048576K
}
Event: 4.002 GC heap after
{Heap after GC invocations=7 (full 0):
 garbage-first heap   total 157696K, used 15654K [0x0000000702e00000, 0x0000000800000000)
  region size 2048K, 2 young (4096K), 2 survivors (4096K)
 Metaspace       used 32159K, committed 32576K, reserved 1081344K
  class space    used 4272K, committed 4480K, reserved 1048576K
}
Event: 18.838 GC heap before
{Heap before GC invocations=7 (full 0):
 garbage-first heap   total 157696K, used 38182K [0x0000000702e00000, 0x0000000800000000)
  region size 2048K, 14 young (28672K), 2 survivors (4096K)
 Metaspace       used 35553K, committed 35968K, reserved 1081344K
  class space    used 4719K, committed 4928K, reserved 1048576K
}
Event: 18.848 GC heap after
{Heap after GC invocations=8 (full 0):
 garbage-first heap   total 157696K, used 17479K [0x0000000702e00000, 0x0000000800000000)
  region size 2048K, 2 young (4096K), 2 survivors (4096K)
 Metaspace       used 35553K, committed 35968K, reserved 1081344K
  class space    used 4719K, committed 4928K, reserved 1048576K
}
Event: 6744.820 GC heap before
{Heap before GC invocations=9 (full 0):
 garbage-first heap   total 69632K, used 54343K [0x0000000702e00000, 0x0000000800000000)
  region size 2048K, 20 young (40960K), 2 survivors (4096K)
 Metaspace       used 39281K, committed 39744K, reserved 1089536K
  class space    used 5154K, committed 5376K, reserved 1048576K
}
Event: 6744.837 GC heap after
{Heap after GC invocations=10 (full 0):
 garbage-first heap   total 69632K, used 18144K [0x0000000702e00000, 0x0000000800000000)
  region size 2048K, 2 young (4096K), 2 survivors (4096K)
 Metaspace       used 39281K, committed 39744K, reserved 1089536K
  class space    used 5154K, committed 5376K, reserved 1048576K
}
Event: 7330.742 GC heap before
{Heap before GC invocations=10 (full 0):
 garbage-first heap   total 69632K, used 20192K [0x0000000702e00000, 0x0000000800000000)
  region size 2048K, 3 young (6144K), 2 survivors (4096K)
 Metaspace       used 39281K, committed 39744K, reserved 1089536K
  class space    used 5154K, committed 5376K, reserved 1048576K
}
Event: 7330.756 GC heap after
{Heap after GC invocations=11 (full 0):
 garbage-first heap   total 69632K, used 17660K [0x0000000702e00000, 0x0000000800000000)
  region size 2048K, 1 young (2048K), 1 survivors (2048K)
 Metaspace       used 39281K, committed 39744K, reserved 1089536K
  class space    used 5154K, committed 5376K, reserved 1048576K
}

